11 c
12 w
13 c
14 c
15 w
16 w
17 w
21 w
22 c
23 w
24 w
25 w
26 c
27 w
31 w
32 w
33 c
34 w
35 c
36 w
37 w
41 w
42 c
43 w
44 c
45 c
46 w
47 c
51 c
52 w
53 w
54 w
55 c
56 w
57 w
61 w
62 c
63 w
64 w
65 w
66 c
67 w
71 c
72 w
73 c
74 c
75 c
76 w
77 c
11 c
12 w
13 c
14 w
15 c
16 w
17 c
21 w
22 c
23 w
24 c
25 w
26 c
27 w
31 c
32 c
33 w
34 w
35 c
36 w
37 w
41 w
42 c
43 c
44 w
45 w
46 c
47 w
51 c
52 w
53 w
54 w
55 c
56 w
57 c
61 w
62 c
63 w
64 w
65 w
66 c
67 w
71 c
72 w
73 c
74 c
75 w
76 w
77 c
11 lightCoral
12 white
13 white
14 lightBlue
15 white
16 white
17 lightSlateGrey
21 white
22 lightCoral
23 white
24 lightBlue
25 white
26 lightSlateGrey
27 white
31 white
32 white
33 lightCoral
34 lightBlue
35 lightSlateGrey
36 white
37 white
41 white
42 white
43 white
44 lightBlue
45 white
46 white
47 white
51 white
52 white
53 lightCoral
54 lightBlue
55 lightSlateGrey
56 white
57 white
61 white
62 lightCoral
63 white
64 lightBlue
65 white
66 lightSlateGrey
67 white
71 lightCoral
72 white
73 white
74 lightBlue
75 white
76 white
77 lightSlateGrey
11 white
12 white
13 white
14 lightBlue
15 white
16 white
17 white
21 white
22 white
23 white
24 white
25 white
26 white
27 white
31 white
32 white
33 white
34 white
35 white
36 white
37 white
41 white
42 white
43 white
44 white
45 white
46 white
47 white
51 lightCoral
52 lightCoral
53 lightCoral
54 lightCoral
55 lightCoral
56 lightCoral
57 lightCoral
61 lightSlateGrey
62 lightSlateGrey
63 lightSlateGrey
64 lightSlateGrey
65 lightSlateGrey
66 lightSlateGrey
67 lightSlateGrey
71 lightBlue
72 lightBlue
73 lightBlue
74 lightBlue
75 lightBlue
76 lightBlue
77 lightBlue
